<!DOCTYPE html PUBLIC "-//W3C//DTD XHTML 1.1//EN" "http://www.w3.org/TR/xhtml11/DTD/xhtml11.dtd">
<html xmlns="http://www.w3.org/1999/xhtml">
<head>
<meta http-equiv="content-type" content="text/html; charset=UTF-8"/>
<title>TestNG Report</title>
<style type="text/css">table {margin-bottom:10px;border-collapse:collapse;empty-cells:show}th,td {border:1px solid #009;padding:.25em .5em}th {vertical-align:bottom}td {vertical-align:top}table a {font-weight:bold}.stripe td {background-color: #E6EBF9}.num {text-align:right}.passedodd td {background-color: #3F3}.passedeven td {background-color: #0A0}.skippedodd td {background-color: #DDD}.skippedeven td {background-color: #CCC}.failedodd td,.attn {background-color: #F33}.failedeven td,.stripe .attn {background-color: #D00}.stacktrace {white-space:pre;font-family:monospace}.totop {font-size:85%;text-align:center;border-bottom:2px solid #000}.invisible {display:none}</style>
</head>
<body>
<table>
<tr><th>Test</th><th># Passed</th><th># Skipped</th><th># Retried</th><th># Failed</th><th>Time (ms)</th><th>Included Groups</th><th>Excluded Groups</th></tr>
<tr><th colspan="8">ParkIndustriesOutSystemsv1</th></tr>
<tr><td><a href="#t0">Park Industries OutSystems - Chrome Test</a></td><td class="num">0</td><td class="num attn">8</td><td class="num">0</td><td class="num">0</td><td class="num">6,456</td><td></td><td></td></tr>
</table>
<table id='summary'><thead><tr><th>Class</th><th>Method</th><th>Start</th><th>Time (ms)</th></tr></thead><tbody><tr><th colspan="4">ParkIndustriesOutSystemsv1</th></tr></tbody><tbody id="t0"><tr><th colspan="4">Park Industries OutSystems - Chrome Test &#8212; failed (configuration methods)</th></tr><tr class="failedeven"><td rowspan="1">parkIndustriesOutSystems.testCases.TC_BootsAndLuggageReimbursementForm_002</td><td><a href="#m0">setup</a></td><td rowspan="1">1632734299673</td><td rowspan="1">5692</td></tr><tr><th colspan="4">Park Industries OutSystems - Chrome Test &#8212; skipped (configuration methods)</th></tr><tr class="skippedeven"><td rowspan="1">parkIndustriesOutSystems.testCases.TC_BootsAndLuggageReimbursementForm_002</td><td><a href="#m1">tearDown</a></td><td rowspan="1">1632734305545</td><td rowspan="1">-1632734305545</td></tr><tr><th colspan="4">Park Industries OutSystems - Chrome Test &#8212; skipped</th></tr><tr class="skippedeven"><td rowspan="8">parkIndustriesOutSystems.testCases.TC_BootsAndLuggageReimbursementForm_002</td><td><a href="#m2">parkAssociateUserLogin</a></td><td rowspan="1">1632734305433</td><td rowspan="1">0</td></tr><tr class="skippedeven"><td><a href="#m3">receiptFields10</a></td><td rowspan="1">1632734305491</td><td rowspan="1">0</td></tr><tr class="skippedeven"><td><a href="#m4">receiptFields11</a></td><td rowspan="1">1632734305502</td><td rowspan="1">0</td></tr><tr class="skippedeven"><td><a href="#m5">receiptFields12</a></td><td rowspan="1">1632734305514</td><td rowspan="1">0</td></tr><tr class="skippedeven"><td><a href="#m6">receiptFields9</a></td><td rowspan="1">1632734305481</td><td rowspan="1">0</td></tr><tr class="skippedeven"><td><a href="#m7">requestSummary2</a></td><td rowspan="1">1632734305524</td><td rowspan="1">0</td></tr><tr class="skippedeven"><td><a href="#m8">saveSubmit</a></td><td rowspan="1">1632734305532</td><td rowspan="1">0</td></tr><tr class="skippedeven"><td><a href="#m9">statusUpdate</a></td><td rowspan="1">1632734305538</td><td rowspan="1">0</td></tr></tbody>
</table>
<h2>Park Industries OutSystems - Chrome Test</h2><h3 id="m0">parkIndustriesOutSystems.testCases.TC_BootsAndLuggageReimbursementForm_002#setup</h3><table class="result"><tr class="param"><th>Parameter #1</th></tr><tr class="param stripe"><td>chrome</td></tr><tr><th>Exception</th></tr><tr><td><div class="stacktrace">org.openqa.selenium.SessionNotCreatedException: session not created: This version of ChromeDriver only supports Chrome version 92
Current browser version is 94.0.4606.61 with binary path C:\Program Files\Google\Chrome\Application\chrome.exe
Build info: version: &apos;3.141.59&apos;, revision: &apos;e82be7d358&apos;, time: &apos;2018-11-14T08:17:03&apos;
System info: host: &apos;DESKTOP-A0BPQKA&apos;, ip: &apos;192.168.8.106&apos;, os.name: &apos;Windows 10&apos;, os.arch: &apos;amd64&apos;, os.version: &apos;10.0&apos;, java.version: &apos;16.0.1&apos;
Driver info: driver.version: ChromeDriver
remote stacktrace: Backtrace:
	Ordinal0 [0x00CC5843+2512963]
	Ordinal0 [0x00C5EED1+2092753]
	Ordinal0 [0x00B61F48+1056584]
	Ordinal0 [0x00B801AA+1180074]
	Ordinal0 [0x00B7C0C5+1163461]
	Ordinal0 [0x00B7990F+1153295]
	Ordinal0 [0x00BA994F+1349967]
	Ordinal0 [0x00BA95BA+1349050]
	Ordinal0 [0x00BA54BB+1332411]
	Ordinal0 [0x00B81D14+1187092]
	Ordinal0 [0x00B82B79+1190777]
	GetHandleVerifier [0x00E40C56+1501718]
	GetHandleVerifier [0x00EEE97F+2213695]
	GetHandleVerifier [0x00D48C92+485970]
	GetHandleVerifier [0x00D47D59+482073]
	Ordinal0 [0x00C6471D+2115357]
	Ordinal0 [0x00C68678+2131576]
	Ordinal0 [0x00C687B2+2131890]
	Ordinal0 [0x00C71971+2169201]
	BaseThreadInitThunk [0x76AAFA29+25]
	RtlGetAppContainerNamedObjectPath [0x77967A7E+286]
	RtlGetAppContainerNamedObjectPath [0x77967A4E+238]

	at org.openqa.selenium.remote.W3CHandshakeResponse.lambda$errorHandler$0(W3CHandshakeResponse.java:62)
	at org.openqa.selenium.remote.HandshakeResponse.lambda$getResponseFunction$0(HandshakeResponse.java:30)
	at org.openqa.selenium.remote.ProtocolHandshake.lambda$createSession$0(ProtocolHandshake.java:126)
	at java.base/java.util.stream.ReferencePipeline$3$1.accept(ReferencePipeline.java:197)
	at java.base/java.util.Spliterators$ArraySpliterator.tryAdvance(Spliterators.java:958)
	at java.base/java.util.stream.ReferencePipeline.forEachWithCancel(ReferencePipeline.java:129)
	at java.base/java.util.stream.AbstractPipeline.copyIntoWithCancel(AbstractPipeline.java:502)
	at java.base/java.util.stream.AbstractPipeline.copyInto(AbstractPipeline.java:488)
	at java.base/java.util.stream.AbstractPipeline.wrapAndCopyInto(AbstractPipeline.java:474)
	at java.base/java.util.stream.FindOps$FindOp.evaluateSequential(FindOps.java:150)
	at java.base/java.util.stream.AbstractPipeline.evaluate(AbstractPipeline.java:234)
	at java.base/java.util.stream.ReferencePipeline.findFirst(ReferencePipeline.java:647)
	at org.openqa.selenium.remote.ProtocolHandshake.createSession(ProtocolHandshake.java:128)
	at org.openqa.selenium.remote.ProtocolHandshake.createSession(ProtocolHandshake.java:74)
	at org.openqa.selenium.remote.HttpCommandExecutor.execute(HttpCommandExecutor.java:136)
	at org.openqa.selenium.remote.service.DriverCommandExecutor.execute(DriverCommandExecutor.java:83)
	at org.openqa.selenium.remote.RemoteWebDriver.execute(RemoteWebDriver.java:552)
	at org.openqa.selenium.remote.RemoteWebDriver.startSession(RemoteWebDriver.java:213)
	at org.openqa.selenium.remote.RemoteWebDriver.&lt;init&gt;(RemoteWebDriver.java:131)
	at org.openqa.selenium.chrome.ChromeDriver.&lt;init&gt;(ChromeDriver.java:181)
	at org.openqa.selenium.chrome.ChromeDriver.&lt;init&gt;(ChromeDriver.java:168)
	at org.openqa.selenium.chrome.ChromeDriver.&lt;init&gt;(ChromeDriver.java:123)
	at parkIndustriesOutSystems.testCases.BaseClass.setup(BaseClass.java:49)
	at java.base/java.util.ArrayList.forEach(ArrayList.java:1511)
... Removed 30 stack frames</div></td></tr></table><p class="totop"><a href="#summary">back to summary</a></p>
<h3 id="m1">parkIndustriesOutSystems.testCases.TC_BootsAndLuggageReimbursementForm_002#tearDown</h3><table class="result"><tr><th class="invisible"/></tr></table><p class="totop"><a href="#summary">back to summary</a></p>
<h3 id="m2">parkIndustriesOutSystems.testCases.TC_BootsAndLuggageReimbursementForm_002#parkAssociateUserLogin</h3><table class="result"><tr><th>Exception</th></tr><tr><td><div class="stacktrace">org.openqa.selenium.SessionNotCreatedException: session not created: This version of ChromeDriver only supports Chrome version 92
Current browser version is 94.0.4606.61 with binary path C:\Program Files\Google\Chrome\Application\chrome.exe
Build info: version: &apos;3.141.59&apos;, revision: &apos;e82be7d358&apos;, time: &apos;2018-11-14T08:17:03&apos;
System info: host: &apos;DESKTOP-A0BPQKA&apos;, ip: &apos;192.168.8.106&apos;, os.name: &apos;Windows 10&apos;, os.arch: &apos;amd64&apos;, os.version: &apos;10.0&apos;, java.version: &apos;16.0.1&apos;
Driver info: driver.version: ChromeDriver
remote stacktrace: Backtrace:
	Ordinal0 [0x00CC5843+2512963]
	Ordinal0 [0x00C5EED1+2092753]
	Ordinal0 [0x00B61F48+1056584]
	Ordinal0 [0x00B801AA+1180074]
	Ordinal0 [0x00B7C0C5+1163461]
	Ordinal0 [0x00B7990F+1153295]
	Ordinal0 [0x00BA994F+1349967]
	Ordinal0 [0x00BA95BA+1349050]
	Ordinal0 [0x00BA54BB+1332411]
	Ordinal0 [0x00B81D14+1187092]
	Ordinal0 [0x00B82B79+1190777]
	GetHandleVerifier [0x00E40C56+1501718]
	GetHandleVerifier [0x00EEE97F+2213695]
	GetHandleVerifier [0x00D48C92+485970]
	GetHandleVerifier [0x00D47D59+482073]
	Ordinal0 [0x00C6471D+2115357]
	Ordinal0 [0x00C68678+2131576]
	Ordinal0 [0x00C687B2+2131890]
	Ordinal0 [0x00C71971+2169201]
	BaseThreadInitThunk [0x76AAFA29+25]
	RtlGetAppContainerNamedObjectPath [0x77967A7E+286]
	RtlGetAppContainerNamedObjectPath [0x77967A4E+238]

	at org.openqa.selenium.remote.W3CHandshakeResponse.lambda$errorHandler$0(W3CHandshakeResponse.java:62)
	at org.openqa.selenium.remote.HandshakeResponse.lambda$getResponseFunction$0(HandshakeResponse.java:30)
	at org.openqa.selenium.remote.ProtocolHandshake.lambda$createSession$0(ProtocolHandshake.java:126)
	at java.base/java.util.stream.ReferencePipeline$3$1.accept(ReferencePipeline.java:197)
	at java.base/java.util.Spliterators$ArraySpliterator.tryAdvance(Spliterators.java:958)
	at java.base/java.util.stream.ReferencePipeline.forEachWithCancel(ReferencePipeline.java:129)
	at java.base/java.util.stream.AbstractPipeline.copyIntoWithCancel(AbstractPipeline.java:502)
	at java.base/java.util.stream.AbstractPipeline.copyInto(AbstractPipeline.java:488)
	at java.base/java.util.stream.AbstractPipeline.wrapAndCopyInto(AbstractPipeline.java:474)
	at java.base/java.util.stream.FindOps$FindOp.evaluateSequential(FindOps.java:150)
	at java.base/java.util.stream.AbstractPipeline.evaluate(AbstractPipeline.java:234)
	at java.base/java.util.stream.ReferencePipeline.findFirst(ReferencePipeline.java:647)
	at org.openqa.selenium.remote.ProtocolHandshake.createSession(ProtocolHandshake.java:128)
	at org.openqa.selenium.remote.ProtocolHandshake.createSession(ProtocolHandshake.java:74)
	at org.openqa.selenium.remote.HttpCommandExecutor.execute(HttpCommandExecutor.java:136)
	at org.openqa.selenium.remote.service.DriverCommandExecutor.execute(DriverCommandExecutor.java:83)
	at org.openqa.selenium.remote.RemoteWebDriver.execute(RemoteWebDriver.java:552)
	at org.openqa.selenium.remote.RemoteWebDriver.startSession(RemoteWebDriver.java:213)
	at org.openqa.selenium.remote.RemoteWebDriver.&lt;init&gt;(RemoteWebDriver.java:131)
	at org.openqa.selenium.chrome.ChromeDriver.&lt;init&gt;(ChromeDriver.java:181)
	at org.openqa.selenium.chrome.ChromeDriver.&lt;init&gt;(ChromeDriver.java:168)
	at org.openqa.selenium.chrome.ChromeDriver.&lt;init&gt;(ChromeDriver.java:123)
	at parkIndustriesOutSystems.testCases.BaseClass.setup(BaseClass.java:49)
	at java.base/java.util.ArrayList.forEach(ArrayList.java:1511)
... Removed 30 stack frames</div></td></tr></table><p class="totop"><a href="#summary">back to summary</a></p>
<h3 id="m3">parkIndustriesOutSystems.testCases.TC_BootsAndLuggageReimbursementForm_002#receiptFields10</h3><table class="result"><tr><th>Exception</th></tr><tr><td><div class="stacktrace">org.openqa.selenium.SessionNotCreatedException: session not created: This version of ChromeDriver only supports Chrome version 92
Current browser version is 94.0.4606.61 with binary path C:\Program Files\Google\Chrome\Application\chrome.exe
Build info: version: &apos;3.141.59&apos;, revision: &apos;e82be7d358&apos;, time: &apos;2018-11-14T08:17:03&apos;
System info: host: &apos;DESKTOP-A0BPQKA&apos;, ip: &apos;192.168.8.106&apos;, os.name: &apos;Windows 10&apos;, os.arch: &apos;amd64&apos;, os.version: &apos;10.0&apos;, java.version: &apos;16.0.1&apos;
Driver info: driver.version: ChromeDriver
remote stacktrace: Backtrace:
	Ordinal0 [0x00CC5843+2512963]
	Ordinal0 [0x00C5EED1+2092753]
	Ordinal0 [0x00B61F48+1056584]
	Ordinal0 [0x00B801AA+1180074]
	Ordinal0 [0x00B7C0C5+1163461]
	Ordinal0 [0x00B7990F+1153295]
	Ordinal0 [0x00BA994F+1349967]
	Ordinal0 [0x00BA95BA+1349050]
	Ordinal0 [0x00BA54BB+1332411]
	Ordinal0 [0x00B81D14+1187092]
	Ordinal0 [0x00B82B79+1190777]
	GetHandleVerifier [0x00E40C56+1501718]
	GetHandleVerifier [0x00EEE97F+2213695]
	GetHandleVerifier [0x00D48C92+485970]
	GetHandleVerifier [0x00D47D59+482073]
	Ordinal0 [0x00C6471D+2115357]
	Ordinal0 [0x00C68678+2131576]
	Ordinal0 [0x00C687B2+2131890]
	Ordinal0 [0x00C71971+2169201]
	BaseThreadInitThunk [0x76AAFA29+25]
	RtlGetAppContainerNamedObjectPath [0x77967A7E+286]
	RtlGetAppContainerNamedObjectPath [0x77967A4E+238]

	at org.openqa.selenium.remote.W3CHandshakeResponse.lambda$errorHandler$0(W3CHandshakeResponse.java:62)
	at org.openqa.selenium.remote.HandshakeResponse.lambda$getResponseFunction$0(HandshakeResponse.java:30)
	at org.openqa.selenium.remote.ProtocolHandshake.lambda$createSession$0(ProtocolHandshake.java:126)
	at java.base/java.util.stream.ReferencePipeline$3$1.accept(ReferencePipeline.java:197)
	at java.base/java.util.Spliterators$ArraySpliterator.tryAdvance(Spliterators.java:958)
	at java.base/java.util.stream.ReferencePipeline.forEachWithCancel(ReferencePipeline.java:129)
	at java.base/java.util.stream.AbstractPipeline.copyIntoWithCancel(AbstractPipeline.java:502)
	at java.base/java.util.stream.AbstractPipeline.copyInto(AbstractPipeline.java:488)
	at java.base/java.util.stream.AbstractPipeline.wrapAndCopyInto(AbstractPipeline.java:474)
	at java.base/java.util.stream.FindOps$FindOp.evaluateSequential(FindOps.java:150)
	at java.base/java.util.stream.AbstractPipeline.evaluate(AbstractPipeline.java:234)
	at java.base/java.util.stream.ReferencePipeline.findFirst(ReferencePipeline.java:647)
	at org.openqa.selenium.remote.ProtocolHandshake.createSession(ProtocolHandshake.java:128)
	at org.openqa.selenium.remote.ProtocolHandshake.createSession(ProtocolHandshake.java:74)
	at org.openqa.selenium.remote.HttpCommandExecutor.execute(HttpCommandExecutor.java:136)
	at org.openqa.selenium.remote.service.DriverCommandExecutor.execute(DriverCommandExecutor.java:83)
	at org.openqa.selenium.remote.RemoteWebDriver.execute(RemoteWebDriver.java:552)
	at org.openqa.selenium.remote.RemoteWebDriver.startSession(RemoteWebDriver.java:213)
	at org.openqa.selenium.remote.RemoteWebDriver.&lt;init&gt;(RemoteWebDriver.java:131)
	at org.openqa.selenium.chrome.ChromeDriver.&lt;init&gt;(ChromeDriver.java:181)
	at org.openqa.selenium.chrome.ChromeDriver.&lt;init&gt;(ChromeDriver.java:168)
	at org.openqa.selenium.chrome.ChromeDriver.&lt;init&gt;(ChromeDriver.java:123)
	at parkIndustriesOutSystems.testCases.BaseClass.setup(BaseClass.java:49)
	at java.base/java.util.ArrayList.forEach(ArrayList.java:1511)
... Removed 30 stack frames</div></td></tr></table><p class="totop"><a href="#summary">back to summary</a></p>
<h3 id="m4">parkIndustriesOutSystems.testCases.TC_BootsAndLuggageReimbursementForm_002#receiptFields11</h3><table class="result"><tr><th>Exception</th></tr><tr><td><div class="stacktrace">org.openqa.selenium.SessionNotCreatedException: session not created: This version of ChromeDriver only supports Chrome version 92
Current browser version is 94.0.4606.61 with binary path C:\Program Files\Google\Chrome\Application\chrome.exe
Build info: version: &apos;3.141.59&apos;, revision: &apos;e82be7d358&apos;, time: &apos;2018-11-14T08:17:03&apos;
System info: host: &apos;DESKTOP-A0BPQKA&apos;, ip: &apos;192.168.8.106&apos;, os.name: &apos;Windows 10&apos;, os.arch: &apos;amd64&apos;, os.version: &apos;10.0&apos;, java.version: &apos;16.0.1&apos;
Driver info: driver.version: ChromeDriver
remote stacktrace: Backtrace:
	Ordinal0 [0x00CC5843+2512963]
	Ordinal0 [0x00C5EED1+2092753]
	Ordinal0 [0x00B61F48+1056584]
	Ordinal0 [0x00B801AA+1180074]
	Ordinal0 [0x00B7C0C5+1163461]
	Ordinal0 [0x00B7990F+1153295]
	Ordinal0 [0x00BA994F+1349967]
	Ordinal0 [0x00BA95BA+1349050]
	Ordinal0 [0x00BA54BB+1332411]
	Ordinal0 [0x00B81D14+1187092]
	Ordinal0 [0x00B82B79+1190777]
	GetHandleVerifier [0x00E40C56+1501718]
	GetHandleVerifier [0x00EEE97F+2213695]
	GetHandleVerifier [0x00D48C92+485970]
	GetHandleVerifier [0x00D47D59+482073]
	Ordinal0 [0x00C6471D+2115357]
	Ordinal0 [0x00C68678+2131576]
	Ordinal0 [0x00C687B2+2131890]
	Ordinal0 [0x00C71971+2169201]
	BaseThreadInitThunk [0x76AAFA29+25]
	RtlGetAppContainerNamedObjectPath [0x77967A7E+286]
	RtlGetAppContainerNamedObjectPath [0x77967A4E+238]

	at org.openqa.selenium.remote.W3CHandshakeResponse.lambda$errorHandler$0(W3CHandshakeResponse.java:62)
	at org.openqa.selenium.remote.HandshakeResponse.lambda$getResponseFunction$0(HandshakeResponse.java:30)
	at org.openqa.selenium.remote.ProtocolHandshake.lambda$createSession$0(ProtocolHandshake.java:126)
	at java.base/java.util.stream.ReferencePipeline$3$1.accept(ReferencePipeline.java:197)
	at java.base/java.util.Spliterators$ArraySpliterator.tryAdvance(Spliterators.java:958)
	at java.base/java.util.stream.ReferencePipeline.forEachWithCancel(ReferencePipeline.java:129)
	at java.base/java.util.stream.AbstractPipeline.copyIntoWithCancel(AbstractPipeline.java:502)
	at java.base/java.util.stream.AbstractPipeline.copyInto(AbstractPipeline.java:488)
	at java.base/java.util.stream.AbstractPipeline.wrapAndCopyInto(AbstractPipeline.java:474)
	at java.base/java.util.stream.FindOps$FindOp.evaluateSequential(FindOps.java:150)
	at java.base/java.util.stream.AbstractPipeline.evaluate(AbstractPipeline.java:234)
	at java.base/java.util.stream.ReferencePipeline.findFirst(ReferencePipeline.java:647)
	at org.openqa.selenium.remote.ProtocolHandshake.createSession(ProtocolHandshake.java:128)
	at org.openqa.selenium.remote.ProtocolHandshake.createSession(ProtocolHandshake.java:74)
	at org.openqa.selenium.remote.HttpCommandExecutor.execute(HttpCommandExecutor.java:136)
	at org.openqa.selenium.remote.service.DriverCommandExecutor.execute(DriverCommandExecutor.java:83)
	at org.openqa.selenium.remote.RemoteWebDriver.execute(RemoteWebDriver.java:552)
	at org.openqa.selenium.remote.RemoteWebDriver.startSession(RemoteWebDriver.java:213)
	at org.openqa.selenium.remote.RemoteWebDriver.&lt;init&gt;(RemoteWebDriver.java:131)
	at org.openqa.selenium.chrome.ChromeDriver.&lt;init&gt;(ChromeDriver.java:181)
	at org.openqa.selenium.chrome.ChromeDriver.&lt;init&gt;(ChromeDriver.java:168)
	at org.openqa.selenium.chrome.ChromeDriver.&lt;init&gt;(ChromeDriver.java:123)
	at parkIndustriesOutSystems.testCases.BaseClass.setup(BaseClass.java:49)
	at java.base/java.util.ArrayList.forEach(ArrayList.java:1511)
... Removed 30 stack frames</div></td></tr></table><p class="totop"><a href="#summary">back to summary</a></p>
<h3 id="m5">parkIndustriesOutSystems.testCases.TC_BootsAndLuggageReimbursementForm_002#receiptFields12</h3><table class="result"><tr><th>Exception</th></tr><tr><td><div class="stacktrace">org.openqa.selenium.SessionNotCreatedException: session not created: This version of ChromeDriver only supports Chrome version 92
Current browser version is 94.0.4606.61 with binary path C:\Program Files\Google\Chrome\Application\chrome.exe
Build info: version: &apos;3.141.59&apos;, revision: &apos;e82be7d358&apos;, time: &apos;2018-11-14T08:17:03&apos;
System info: host: &apos;DESKTOP-A0BPQKA&apos;, ip: &apos;192.168.8.106&apos;, os.name: &apos;Windows 10&apos;, os.arch: &apos;amd64&apos;, os.version: &apos;10.0&apos;, java.version: &apos;16.0.1&apos;
Driver info: driver.version: ChromeDriver
remote stacktrace: Backtrace:
	Ordinal0 [0x00CC5843+2512963]
	Ordinal0 [0x00C5EED1+2092753]
	Ordinal0 [0x00B61F48+1056584]
	Ordinal0 [0x00B801AA+1180074]
	Ordinal0 [0x00B7C0C5+1163461]
	Ordinal0 [0x00B7990F+1153295]
	Ordinal0 [0x00BA994F+1349967]
	Ordinal0 [0x00BA95BA+1349050]
	Ordinal0 [0x00BA54BB+1332411]
	Ordinal0 [0x00B81D14+1187092]
	Ordinal0 [0x00B82B79+1190777]
	GetHandleVerifier [0x00E40C56+1501718]
	GetHandleVerifier [0x00EEE97F+2213695]
	GetHandleVerifier [0x00D48C92+485970]
	GetHandleVerifier [0x00D47D59+482073]
	Ordinal0 [0x00C6471D+2115357]
	Ordinal0 [0x00C68678+2131576]
	Ordinal0 [0x00C687B2+2131890]
	Ordinal0 [0x00C71971+2169201]
	BaseThreadInitThunk [0x76AAFA29+25]
	RtlGetAppContainerNamedObjectPath [0x77967A7E+286]
	RtlGetAppContainerNamedObjectPath [0x77967A4E+238]

	at org.openqa.selenium.remote.W3CHandshakeResponse.lambda$errorHandler$0(W3CHandshakeResponse.java:62)
	at org.openqa.selenium.remote.HandshakeResponse.lambda$getResponseFunction$0(HandshakeResponse.java:30)
	at org.openqa.selenium.remote.ProtocolHandshake.lambda$createSession$0(ProtocolHandshake.java:126)
	at java.base/java.util.stream.ReferencePipeline$3$1.accept(ReferencePipeline.java:197)
	at java.base/java.util.Spliterators$ArraySpliterator.tryAdvance(Spliterators.java:958)
	at java.base/java.util.stream.ReferencePipeline.forEachWithCancel(ReferencePipeline.java:129)
	at java.base/java.util.stream.AbstractPipeline.copyIntoWithCancel(AbstractPipeline.java:502)
	at java.base/java.util.stream.AbstractPipeline.copyInto(AbstractPipeline.java:488)
	at java.base/java.util.stream.AbstractPipeline.wrapAndCopyInto(AbstractPipeline.java:474)
	at java.base/java.util.stream.FindOps$FindOp.evaluateSequential(FindOps.java:150)
	at java.base/java.util.stream.AbstractPipeline.evaluate(AbstractPipeline.java:234)
	at java.base/java.util.stream.ReferencePipeline.findFirst(ReferencePipeline.java:647)
	at org.openqa.selenium.remote.ProtocolHandshake.createSession(ProtocolHandshake.java:128)
	at org.openqa.selenium.remote.ProtocolHandshake.createSession(ProtocolHandshake.java:74)
	at org.openqa.selenium.remote.HttpCommandExecutor.execute(HttpCommandExecutor.java:136)
	at org.openqa.selenium.remote.service.DriverCommandExecutor.execute(DriverCommandExecutor.java:83)
	at org.openqa.selenium.remote.RemoteWebDriver.execute(RemoteWebDriver.java:552)
	at org.openqa.selenium.remote.RemoteWebDriver.startSession(RemoteWebDriver.java:213)
	at org.openqa.selenium.remote.RemoteWebDriver.&lt;init&gt;(RemoteWebDriver.java:131)
	at org.openqa.selenium.chrome.ChromeDriver.&lt;init&gt;(ChromeDriver.java:181)
	at org.openqa.selenium.chrome.ChromeDriver.&lt;init&gt;(ChromeDriver.java:168)
	at org.openqa.selenium.chrome.ChromeDriver.&lt;init&gt;(ChromeDriver.java:123)
	at parkIndustriesOutSystems.testCases.BaseClass.setup(BaseClass.java:49)
	at java.base/java.util.ArrayList.forEach(ArrayList.java:1511)
... Removed 30 stack frames</div></td></tr></table><p class="totop"><a href="#summary">back to summary</a></p>
<h3 id="m6">parkIndustriesOutSystems.testCases.TC_BootsAndLuggageReimbursementForm_002#receiptFields9</h3><table class="result"><tr><th>Exception</th></tr><tr><td><div class="stacktrace">org.openqa.selenium.SessionNotCreatedException: session not created: This version of ChromeDriver only supports Chrome version 92
Current browser version is 94.0.4606.61 with binary path C:\Program Files\Google\Chrome\Application\chrome.exe
Build info: version: &apos;3.141.59&apos;, revision: &apos;e82be7d358&apos;, time: &apos;2018-11-14T08:17:03&apos;
System info: host: &apos;DESKTOP-A0BPQKA&apos;, ip: &apos;192.168.8.106&apos;, os.name: &apos;Windows 10&apos;, os.arch: &apos;amd64&apos;, os.version: &apos;10.0&apos;, java.version: &apos;16.0.1&apos;
Driver info: driver.version: ChromeDriver
remote stacktrace: Backtrace:
	Ordinal0 [0x00CC5843+2512963]
	Ordinal0 [0x00C5EED1+2092753]
	Ordinal0 [0x00B61F48+1056584]
	Ordinal0 [0x00B801AA+1180074]
	Ordinal0 [0x00B7C0C5+1163461]
	Ordinal0 [0x00B7990F+1153295]
	Ordinal0 [0x00BA994F+1349967]
	Ordinal0 [0x00BA95BA+1349050]
	Ordinal0 [0x00BA54BB+1332411]
	Ordinal0 [0x00B81D14+1187092]
	Ordinal0 [0x00B82B79+1190777]
	GetHandleVerifier [0x00E40C56+1501718]
	GetHandleVerifier [0x00EEE97F+2213695]
	GetHandleVerifier [0x00D48C92+485970]
	GetHandleVerifier [0x00D47D59+482073]
	Ordinal0 [0x00C6471D+2115357]
	Ordinal0 [0x00C68678+2131576]
	Ordinal0 [0x00C687B2+2131890]
	Ordinal0 [0x00C71971+2169201]
	BaseThreadInitThunk [0x76AAFA29+25]
	RtlGetAppContainerNamedObjectPath [0x77967A7E+286]
	RtlGetAppContainerNamedObjectPath [0x77967A4E+238]

	at org.openqa.selenium.remote.W3CHandshakeResponse.lambda$errorHandler$0(W3CHandshakeResponse.java:62)
	at org.openqa.selenium.remote.HandshakeResponse.lambda$getResponseFunction$0(HandshakeResponse.java:30)
	at org.openqa.selenium.remote.ProtocolHandshake.lambda$createSession$0(ProtocolHandshake.java:126)
	at java.base/java.util.stream.ReferencePipeline$3$1.accept(ReferencePipeline.java:197)
	at java.base/java.util.Spliterators$ArraySpliterator.tryAdvance(Spliterators.java:958)
	at java.base/java.util.stream.ReferencePipeline.forEachWithCancel(ReferencePipeline.java:129)
	at java.base/java.util.stream.AbstractPipeline.copyIntoWithCancel(AbstractPipeline.java:502)
	at java.base/java.util.stream.AbstractPipeline.copyInto(AbstractPipeline.java:488)
	at java.base/java.util.stream.AbstractPipeline.wrapAndCopyInto(AbstractPipeline.java:474)
	at java.base/java.util.stream.FindOps$FindOp.evaluateSequential(FindOps.java:150)
	at java.base/java.util.stream.AbstractPipeline.evaluate(AbstractPipeline.java:234)
	at java.base/java.util.stream.ReferencePipeline.findFirst(ReferencePipeline.java:647)
	at org.openqa.selenium.remote.ProtocolHandshake.createSession(ProtocolHandshake.java:128)
	at org.openqa.selenium.remote.ProtocolHandshake.createSession(ProtocolHandshake.java:74)
	at org.openqa.selenium.remote.HttpCommandExecutor.execute(HttpCommandExecutor.java:136)
	at org.openqa.selenium.remote.service.DriverCommandExecutor.execute(DriverCommandExecutor.java:83)
	at org.openqa.selenium.remote.RemoteWebDriver.execute(RemoteWebDriver.java:552)
	at org.openqa.selenium.remote.RemoteWebDriver.startSession(RemoteWebDriver.java:213)
	at org.openqa.selenium.remote.RemoteWebDriver.&lt;init&gt;(RemoteWebDriver.java:131)
	at org.openqa.selenium.chrome.ChromeDriver.&lt;init&gt;(ChromeDriver.java:181)
	at org.openqa.selenium.chrome.ChromeDriver.&lt;init&gt;(ChromeDriver.java:168)
	at org.openqa.selenium.chrome.ChromeDriver.&lt;init&gt;(ChromeDriver.java:123)
	at parkIndustriesOutSystems.testCases.BaseClass.setup(BaseClass.java:49)
	at java.base/java.util.ArrayList.forEach(ArrayList.java:1511)
... Removed 30 stack frames</div></td></tr></table><p class="totop"><a href="#summary">back to summary</a></p>
<h3 id="m7">parkIndustriesOutSystems.testCases.TC_BootsAndLuggageReimbursementForm_002#requestSummary2</h3><table class="result"><tr><th>Exception</th></tr><tr><td><div class="stacktrace">org.openqa.selenium.SessionNotCreatedException: session not created: This version of ChromeDriver only supports Chrome version 92
Current browser version is 94.0.4606.61 with binary path C:\Program Files\Google\Chrome\Application\chrome.exe
Build info: version: &apos;3.141.59&apos;, revision: &apos;e82be7d358&apos;, time: &apos;2018-11-14T08:17:03&apos;
System info: host: &apos;DESKTOP-A0BPQKA&apos;, ip: &apos;192.168.8.106&apos;, os.name: &apos;Windows 10&apos;, os.arch: &apos;amd64&apos;, os.version: &apos;10.0&apos;, java.version: &apos;16.0.1&apos;
Driver info: driver.version: ChromeDriver
remote stacktrace: Backtrace:
	Ordinal0 [0x00CC5843+2512963]
	Ordinal0 [0x00C5EED1+2092753]
	Ordinal0 [0x00B61F48+1056584]
	Ordinal0 [0x00B801AA+1180074]
	Ordinal0 [0x00B7C0C5+1163461]
	Ordinal0 [0x00B7990F+1153295]
	Ordinal0 [0x00BA994F+1349967]
	Ordinal0 [0x00BA95BA+1349050]
	Ordinal0 [0x00BA54BB+1332411]
	Ordinal0 [0x00B81D14+1187092]
	Ordinal0 [0x00B82B79+1190777]
	GetHandleVerifier [0x00E40C56+1501718]
	GetHandleVerifier [0x00EEE97F+2213695]
	GetHandleVerifier [0x00D48C92+485970]
	GetHandleVerifier [0x00D47D59+482073]
	Ordinal0 [0x00C6471D+2115357]
	Ordinal0 [0x00C68678+2131576]
	Ordinal0 [0x00C687B2+2131890]
	Ordinal0 [0x00C71971+2169201]
	BaseThreadInitThunk [0x76AAFA29+25]
	RtlGetAppContainerNamedObjectPath [0x77967A7E+286]
	RtlGetAppContainerNamedObjectPath [0x77967A4E+238]

	at org.openqa.selenium.remote.W3CHandshakeResponse.lambda$errorHandler$0(W3CHandshakeResponse.java:62)
	at org.openqa.selenium.remote.HandshakeResponse.lambda$getResponseFunction$0(HandshakeResponse.java:30)
	at org.openqa.selenium.remote.ProtocolHandshake.lambda$createSession$0(ProtocolHandshake.java:126)
	at java.base/java.util.stream.ReferencePipeline$3$1.accept(ReferencePipeline.java:197)
	at java.base/java.util.Spliterators$ArraySpliterator.tryAdvance(Spliterators.java:958)
	at java.base/java.util.stream.ReferencePipeline.forEachWithCancel(ReferencePipeline.java:129)
	at java.base/java.util.stream.AbstractPipeline.copyIntoWithCancel(AbstractPipeline.java:502)
	at java.base/java.util.stream.AbstractPipeline.copyInto(AbstractPipeline.java:488)
	at java.base/java.util.stream.AbstractPipeline.wrapAndCopyInto(AbstractPipeline.java:474)
	at java.base/java.util.stream.FindOps$FindOp.evaluateSequential(FindOps.java:150)
	at java.base/java.util.stream.AbstractPipeline.evaluate(AbstractPipeline.java:234)
	at java.base/java.util.stream.ReferencePipeline.findFirst(ReferencePipeline.java:647)
	at org.openqa.selenium.remote.ProtocolHandshake.createSession(ProtocolHandshake.java:128)
	at org.openqa.selenium.remote.ProtocolHandshake.createSession(ProtocolHandshake.java:74)
	at org.openqa.selenium.remote.HttpCommandExecutor.execute(HttpCommandExecutor.java:136)
	at org.openqa.selenium.remote.service.DriverCommandExecutor.execute(DriverCommandExecutor.java:83)
	at org.openqa.selenium.remote.RemoteWebDriver.execute(RemoteWebDriver.java:552)
	at org.openqa.selenium.remote.RemoteWebDriver.startSession(RemoteWebDriver.java:213)
	at org.openqa.selenium.remote.RemoteWebDriver.&lt;init&gt;(RemoteWebDriver.java:131)
	at org.openqa.selenium.chrome.ChromeDriver.&lt;init&gt;(ChromeDriver.java:181)
	at org.openqa.selenium.chrome.ChromeDriver.&lt;init&gt;(ChromeDriver.java:168)
	at org.openqa.selenium.chrome.ChromeDriver.&lt;init&gt;(ChromeDriver.java:123)
	at parkIndustriesOutSystems.testCases.BaseClass.setup(BaseClass.java:49)
	at java.base/java.util.ArrayList.forEach(ArrayList.java:1511)
... Removed 30 stack frames</div></td></tr></table><p class="totop"><a href="#summary">back to summary</a></p>
<h3 id="m8">parkIndustriesOutSystems.testCases.TC_BootsAndLuggageReimbursementForm_002#saveSubmit</h3><table class="result"><tr><th>Exception</th></tr><tr><td><div class="stacktrace">org.openqa.selenium.SessionNotCreatedException: session not created: This version of ChromeDriver only supports Chrome version 92
Current browser version is 94.0.4606.61 with binary path C:\Program Files\Google\Chrome\Application\chrome.exe
Build info: version: &apos;3.141.59&apos;, revision: &apos;e82be7d358&apos;, time: &apos;2018-11-14T08:17:03&apos;
System info: host: &apos;DESKTOP-A0BPQKA&apos;, ip: &apos;192.168.8.106&apos;, os.name: &apos;Windows 10&apos;, os.arch: &apos;amd64&apos;, os.version: &apos;10.0&apos;, java.version: &apos;16.0.1&apos;
Driver info: driver.version: ChromeDriver
remote stacktrace: Backtrace:
	Ordinal0 [0x00CC5843+2512963]
	Ordinal0 [0x00C5EED1+2092753]
	Ordinal0 [0x00B61F48+1056584]
	Ordinal0 [0x00B801AA+1180074]
	Ordinal0 [0x00B7C0C5+1163461]
	Ordinal0 [0x00B7990F+1153295]
	Ordinal0 [0x00BA994F+1349967]
	Ordinal0 [0x00BA95BA+1349050]
	Ordinal0 [0x00BA54BB+1332411]
	Ordinal0 [0x00B81D14+1187092]
	Ordinal0 [0x00B82B79+1190777]
	GetHandleVerifier [0x00E40C56+1501718]
	GetHandleVerifier [0x00EEE97F+2213695]
	GetHandleVerifier [0x00D48C92+485970]
	GetHandleVerifier [0x00D47D59+482073]
	Ordinal0 [0x00C6471D+2115357]
	Ordinal0 [0x00C68678+2131576]
	Ordinal0 [0x00C687B2+2131890]
	Ordinal0 [0x00C71971+2169201]
	BaseThreadInitThunk [0x76AAFA29+25]
	RtlGetAppContainerNamedObjectPath [0x77967A7E+286]
	RtlGetAppContainerNamedObjectPath [0x77967A4E+238]

	at org.openqa.selenium.remote.W3CHandshakeResponse.lambda$errorHandler$0(W3CHandshakeResponse.java:62)
	at org.openqa.selenium.remote.HandshakeResponse.lambda$getResponseFunction$0(HandshakeResponse.java:30)
	at org.openqa.selenium.remote.ProtocolHandshake.lambda$createSession$0(ProtocolHandshake.java:126)
	at java.base/java.util.stream.ReferencePipeline$3$1.accept(ReferencePipeline.java:197)
	at java.base/java.util.Spliterators$ArraySpliterator.tryAdvance(Spliterators.java:958)
	at java.base/java.util.stream.ReferencePipeline.forEachWithCancel(ReferencePipeline.java:129)
	at java.base/java.util.stream.AbstractPipeline.copyIntoWithCancel(AbstractPipeline.java:502)
	at java.base/java.util.stream.AbstractPipeline.copyInto(AbstractPipeline.java:488)
	at java.base/java.util.stream.AbstractPipeline.wrapAndCopyInto(AbstractPipeline.java:474)
	at java.base/java.util.stream.FindOps$FindOp.evaluateSequential(FindOps.java:150)
	at java.base/java.util.stream.AbstractPipeline.evaluate(AbstractPipeline.java:234)
	at java.base/java.util.stream.ReferencePipeline.findFirst(ReferencePipeline.java:647)
	at org.openqa.selenium.remote.ProtocolHandshake.createSession(ProtocolHandshake.java:128)
	at org.openqa.selenium.remote.ProtocolHandshake.createSession(ProtocolHandshake.java:74)
	at org.openqa.selenium.remote.HttpCommandExecutor.execute(HttpCommandExecutor.java:136)
	at org.openqa.selenium.remote.service.DriverCommandExecutor.execute(DriverCommandExecutor.java:83)
	at org.openqa.selenium.remote.RemoteWebDriver.execute(RemoteWebDriver.java:552)
	at org.openqa.selenium.remote.RemoteWebDriver.startSession(RemoteWebDriver.java:213)
	at org.openqa.selenium.remote.RemoteWebDriver.&lt;init&gt;(RemoteWebDriver.java:131)
	at org.openqa.selenium.chrome.ChromeDriver.&lt;init&gt;(ChromeDriver.java:181)
	at org.openqa.selenium.chrome.ChromeDriver.&lt;init&gt;(ChromeDriver.java:168)
	at org.openqa.selenium.chrome.ChromeDriver.&lt;init&gt;(ChromeDriver.java:123)
	at parkIndustriesOutSystems.testCases.BaseClass.setup(BaseClass.java:49)
	at java.base/java.util.ArrayList.forEach(ArrayList.java:1511)
... Removed 30 stack frames</div></td></tr></table><p class="totop"><a href="#summary">back to summary</a></p>
<h3 id="m9">parkIndustriesOutSystems.testCases.TC_BootsAndLuggageReimbursementForm_002#statusUpdate</h3><table class="result"><tr><th>Exception</th></tr><tr><td><div class="stacktrace">org.openqa.selenium.SessionNotCreatedException: session not created: This version of ChromeDriver only supports Chrome version 92
Current browser version is 94.0.4606.61 with binary path C:\Program Files\Google\Chrome\Application\chrome.exe
Build info: version: &apos;3.141.59&apos;, revision: &apos;e82be7d358&apos;, time: &apos;2018-11-14T08:17:03&apos;
System info: host: &apos;DESKTOP-A0BPQKA&apos;, ip: &apos;192.168.8.106&apos;, os.name: &apos;Windows 10&apos;, os.arch: &apos;amd64&apos;, os.version: &apos;10.0&apos;, java.version: &apos;16.0.1&apos;
Driver info: driver.version: ChromeDriver
remote stacktrace: Backtrace:
	Ordinal0 [0x00CC5843+2512963]
	Ordinal0 [0x00C5EED1+2092753]
	Ordinal0 [0x00B61F48+1056584]
	Ordinal0 [0x00B801AA+1180074]
	Ordinal0 [0x00B7C0C5+1163461]
	Ordinal0 [0x00B7990F+1153295]
	Ordinal0 [0x00BA994F+1349967]
	Ordinal0 [0x00BA95BA+1349050]
	Ordinal0 [0x00BA54BB+1332411]
	Ordinal0 [0x00B81D14+1187092]
	Ordinal0 [0x00B82B79+1190777]
	GetHandleVerifier [0x00E40C56+1501718]
	GetHandleVerifier [0x00EEE97F+2213695]
	GetHandleVerifier [0x00D48C92+485970]
	GetHandleVerifier [0x00D47D59+482073]
	Ordinal0 [0x00C6471D+2115357]
	Ordinal0 [0x00C68678+2131576]
	Ordinal0 [0x00C687B2+2131890]
	Ordinal0 [0x00C71971+2169201]
	BaseThreadInitThunk [0x76AAFA29+25]
	RtlGetAppContainerNamedObjectPath [0x77967A7E+286]
	RtlGetAppContainerNamedObjectPath [0x77967A4E+238]

	at org.openqa.selenium.remote.W3CHandshakeResponse.lambda$errorHandler$0(W3CHandshakeResponse.java:62)
	at org.openqa.selenium.remote.HandshakeResponse.lambda$getResponseFunction$0(HandshakeResponse.java:30)
	at org.openqa.selenium.remote.ProtocolHandshake.lambda$createSession$0(ProtocolHandshake.java:126)
	at java.base/java.util.stream.ReferencePipeline$3$1.accept(ReferencePipeline.java:197)
	at java.base/java.util.Spliterators$ArraySpliterator.tryAdvance(Spliterators.java:958)
	at java.base/java.util.stream.ReferencePipeline.forEachWithCancel(ReferencePipeline.java:129)
	at java.base/java.util.stream.AbstractPipeline.copyIntoWithCancel(AbstractPipeline.java:502)
	at java.base/java.util.stream.AbstractPipeline.copyInto(AbstractPipeline.java:488)
	at java.base/java.util.stream.AbstractPipeline.wrapAndCopyInto(AbstractPipeline.java:474)
	at java.base/java.util.stream.FindOps$FindOp.evaluateSequential(FindOps.java:150)
	at java.base/java.util.stream.AbstractPipeline.evaluate(AbstractPipeline.java:234)
	at java.base/java.util.stream.ReferencePipeline.findFirst(ReferencePipeline.java:647)
	at org.openqa.selenium.remote.ProtocolHandshake.createSession(ProtocolHandshake.java:128)
	at org.openqa.selenium.remote.ProtocolHandshake.createSession(ProtocolHandshake.java:74)
	at org.openqa.selenium.remote.HttpCommandExecutor.execute(HttpCommandExecutor.java:136)
	at org.openqa.selenium.remote.service.DriverCommandExecutor.execute(DriverCommandExecutor.java:83)
	at org.openqa.selenium.remote.RemoteWebDriver.execute(RemoteWebDriver.java:552)
	at org.openqa.selenium.remote.RemoteWebDriver.startSession(RemoteWebDriver.java:213)
	at org.openqa.selenium.remote.RemoteWebDriver.&lt;init&gt;(RemoteWebDriver.java:131)
	at org.openqa.selenium.chrome.ChromeDriver.&lt;init&gt;(ChromeDriver.java:181)
	at org.openqa.selenium.chrome.ChromeDriver.&lt;init&gt;(ChromeDriver.java:168)
	at org.openqa.selenium.chrome.ChromeDriver.&lt;init&gt;(ChromeDriver.java:123)
	at parkIndustriesOutSystems.testCases.BaseClass.setup(BaseClass.java:49)
	at java.base/java.util.ArrayList.forEach(ArrayList.java:1511)
... Removed 30 stack frames</div></td></tr></table><p class="totop"><a href="#summary">back to summary</a></p>
</body>
</html>
