<?xml version="1.0" encoding="UTF-8"?>
<!-- Generated by org.testng.reporters.JUnitReportReporter -->
<testsuite hostname="DESKTOP-A0BPQKA" failures="0" tests="8" name="parkIndustriesOutSystems.testCases.TC_LoginOutSystems_001" time="1.321" errors="1" timestamp="2021-09-28T16:48:04 FJT" skipped="7">
  <testcase classname="parkIndustriesOutSystems.testCases.TC_LoginOutSystems_001" name="setup" time="1.321">
    <error message="unknown error: Chrome failed to start: exited normally.
  (unknown error: DevToolsActivePort file doesn&#039;t exist)
  (The process started from chrome location C:\Program Files\Google\Chrome\Application\chrome.exe is no longer running, so ChromeDriver is assuming that Chrome has crashed.)
Build info: version: &#039;3.141.59&#039;, revision: &#039;e82be7d358&#039;, time: &#039;2018-11-14T08:17:03&#039;
System info: host: &#039;DESKTOP-A0BPQKA&#039;, ip: &#039;192.168.8.106&#039;, os.name: &#039;Windows 10&#039;, os.arch: &#039;amd64&#039;, os.version: &#039;10.0&#039;, java.version: &#039;16.0.1&#039;
Driver info: driver.version: ChromeDriver
remote stacktrace: Backtrace:
	Ordinal0 [0x0081B9D3+2472403]
	Ordinal0 [0x007B6961+2058593]
	Ordinal0 [0x006C22B8+1057464]
	Ordinal0 [0x006DD448+1168456]
	Ordinal0 [0x006D9B7F+1153919]
	Ordinal0 [0x0070997F+1350015]
	Ordinal0 [0x007095EA+1349098]
	Ordinal0 [0x0070545B+1332315]
	Ordinal0 [0x006E1FB4+1187764]
	Ordinal0 [0x006E2E09+1191433]
	GetHandleVerifier [0x009A3396+1551078]
	GetHandleVerifier [0x00A4D53A+2247818]
	GetHandleVerifier [0x008A7FBB+521995]
	GetHandleVerifier [0x008A7079+518089]
	Ordinal0 [0x007BBD4D+2080077]
	Ordinal0 [0x007BFC18+2096152]
	Ordinal0 [0x007BFD52+2096466]
	Ordinal0 [0x007C94B1+2135217]
	BaseThreadInitThunk [0x76AAFA29+25]
	RtlGetAppContainerNamedObjectPath [0x77967A7E+286]
	RtlGetAppContainerNamedObjectPath [0x77967A4E+238]
" type="org.openqa.selenium.WebDriverException">
      <![CDATA[org.openqa.selenium.WebDriverException: unknown error: Chrome failed to start: exited normally.
  (unknown error: DevToolsActivePort file doesn't exist)
  (The process started from chrome location C:\Program Files\Google\Chrome\Application\chrome.exe is no longer running, so ChromeDriver is assuming that Chrome has crashed.)
Build info: version: '3.141.59', revision: 'e82be7d358', time: '2018-11-14T08:17:03'
System info: host: 'DESKTOP-A0BPQKA', ip: '192.168.8.106', os.name: 'Windows 10', os.arch: 'amd64', os.version: '10.0', java.version: '16.0.1'
Driver info: driver.version: ChromeDriver
remote stacktrace: Backtrace:
Ordinal0 [0x0081B9D3+2472403]
Ordinal0 [0x007B6961+2058593]
Ordinal0 [0x006C22B8+1057464]
Ordinal0 [0x006DD448+1168456]
Ordinal0 [0x006D9B7F+1153919]
Ordinal0 [0x0070997F+1350015]
Ordinal0 [0x007095EA+1349098]
Ordinal0 [0x0070545B+1332315]
Ordinal0 [0x006E1FB4+1187764]
Ordinal0 [0x006E2E09+1191433]
GetHandleVerifier [0x009A3396+1551078]
GetHandleVerifier [0x00A4D53A+2247818]
GetHandleVerifier [0x008A7FBB+521995]
GetHandleVerifier [0x008A7079+518089]
Ordinal0 [0x007BBD4D+2080077]
Ordinal0 [0x007BFC18+2096152]
Ordinal0 [0x007BFD52+2096466]
Ordinal0 [0x007C94B1+2135217]
BaseThreadInitThunk [0x76AAFA29+25]
RtlGetAppContainerNamedObjectPath [0x77967A7E+286]
RtlGetAppContainerNamedObjectPath [0x77967A4E+238]

at java.base/jdk.internal.reflect.NativeConstructorAccessorImpl.newInstance0(Native Method)
at java.base/jdk.internal.reflect.NativeConstructorAccessorImpl.newInstance(NativeConstructorAccessorImpl.java:78)
at java.base/jdk.internal.reflect.DelegatingConstructorAccessorImpl.newInstance(DelegatingConstructorAccessorImpl.java:45)
at java.base/java.lang.reflect.Constructor.newInstanceWithCaller(Constructor.java:499)
at java.base/java.lang.reflect.Constructor.newInstance(Constructor.java:480)
at org.openqa.selenium.remote.W3CHandshakeResponse.lambda$errorHandler$0(W3CHandshakeResponse.java:62)
at org.openqa.selenium.remote.HandshakeResponse.lambda$getResponseFunction$0(HandshakeResponse.java:30)
at org.openqa.selenium.remote.ProtocolHandshake.lambda$createSession$0(ProtocolHandshake.java:126)
at java.base/java.util.stream.ReferencePipeline$3$1.accept(ReferencePipeline.java:197)
at java.base/java.util.Spliterators$ArraySpliterator.tryAdvance(Spliterators.java:958)
at java.base/java.util.stream.ReferencePipeline.forEachWithCancel(ReferencePipeline.java:129)
at java.base/java.util.stream.AbstractPipeline.copyIntoWithCancel(AbstractPipeline.java:502)
at java.base/java.util.stream.AbstractPipeline.copyInto(AbstractPipeline.java:488)
at java.base/java.util.stream.AbstractPipeline.wrapAndCopyInto(AbstractPipeline.java:474)
at java.base/java.util.stream.FindOps$FindOp.evaluateSequential(FindOps.java:150)
at java.base/java.util.stream.AbstractPipeline.evaluate(AbstractPipeline.java:234)
at java.base/java.util.stream.ReferencePipeline.findFirst(ReferencePipeline.java:647)
at org.openqa.selenium.remote.ProtocolHandshake.createSession(ProtocolHandshake.java:128)
at org.openqa.selenium.remote.ProtocolHandshake.createSession(ProtocolHandshake.java:74)
at org.openqa.selenium.remote.HttpCommandExecutor.execute(HttpCommandExecutor.java:136)
at org.openqa.selenium.remote.service.DriverCommandExecutor.execute(DriverCommandExecutor.java:83)
at org.openqa.selenium.remote.RemoteWebDriver.execute(RemoteWebDriver.java:552)
at org.openqa.selenium.remote.RemoteWebDriver.startSession(RemoteWebDriver.java:213)
at org.openqa.selenium.remote.RemoteWebDriver.<init>(RemoteWebDriver.java:131)
at org.openqa.selenium.chrome.ChromeDriver.<init>(ChromeDriver.java:181)
at org.openqa.selenium.chrome.ChromeDriver.<init>(ChromeDriver.java:168)
at org.openqa.selenium.chrome.ChromeDriver.<init>(ChromeDriver.java:123)
at parkIndustriesOutSystems.testCases.BaseClass.setup(BaseClass.java:49)
at java.base/jdk.internal.reflect.NativeMethodAccessorImpl.invoke0(Native Method)
at java.base/jdk.internal.reflect.NativeMethodAccessorImpl.invoke(NativeMethodAccessorImpl.java:78)
at java.base/jdk.internal.reflect.DelegatingMethodAccessorImpl.invoke(DelegatingMethodAccessorImpl.java:43)
at java.base/java.lang.reflect.Method.invoke(Method.java:567)
at org.testng.internal.MethodInvocationHelper.invokeMethod(MethodInvocationHelper.java:134)
at org.testng.internal.MethodInvocationHelper.invokeMethodConsideringTimeout(MethodInvocationHelper.java:63)
at org.testng.internal.ConfigInvoker.invokeConfigurationMethod(ConfigInvoker.java:348)
at org.testng.internal.ConfigInvoker.invokeConfigurations(ConfigInvoker.java:302)
at org.testng.internal.TestMethodWorker.invokeBeforeClassMethods(TestMethodWorker.java:176)
at org.testng.internal.TestMethodWorker.run(TestMethodWorker.java:122)
at java.base/java.util.ArrayList.forEach(ArrayList.java:1511)
at org.testng.TestRunner.privateRun(TestRunner.java:766)
at org.testng.TestRunner.run(TestRunner.java:587)
at org.testng.SuiteRunner.runTest(SuiteRunner.java:384)
at org.testng.SuiteRunner.runSequentially(SuiteRunner.java:378)
at org.testng.SuiteRunner.privateRun(SuiteRunner.java:337)
at org.testng.SuiteRunner.run(SuiteRunner.java:286)
at org.testng.SuiteRunnerWorker.runSuite(SuiteRunnerWorker.java:53)
at org.testng.SuiteRunnerWorker.run(SuiteRunnerWorker.java:96)
at org.testng.TestNG.runSuitesSequentially(TestNG.java:1187)
at org.testng.TestNG.runSuitesLocally(TestNG.java:1109)
at org.testng.TestNG.runSuites(TestNG.java:1039)
at org.testng.TestNG.run(TestNG.java:1007)
at org.testng.remote.AbstractRemoteTestNG.run(AbstractRemoteTestNG.java:115)
at org.testng.remote.RemoteTestNG.initAndRun(RemoteTestNG.java:251)
at org.testng.remote.RemoteTestNG.main(RemoteTestNG.java:77)
]]>
    </error>
  </testcase> <!-- setup -->
  <system-out/>
  <testcase classname="parkIndustriesOutSystems.testCases.TC_LoginOutSystems_001" name="loginPage" time="0.000">
    <skipped/>
  </testcase> <!-- loginPage -->
  <system-out/>
  <testcase classname="parkIndustriesOutSystems.testCases.TC_LoginOutSystems_001" name="hrPage" time="0.000">
    <skipped/>
  </testcase> <!-- hrPage -->
  <system-out/>
  <testcase classname="parkIndustriesOutSystems.testCases.TC_LoginOutSystems_001" name="logoutPage" time="0.000">
    <skipped/>
  </testcase> <!-- logoutPage -->
  <system-out/>
  <testcase classname="parkIndustriesOutSystems.testCases.TC_LoginOutSystems_001" name="parkAssociateUserPage" time="0.000">
    <skipped/>
  </testcase> <!-- parkAssociateUserPage -->
  <system-out/>
  <testcase classname="parkIndustriesOutSystems.testCases.TC_LoginOutSystems_001" name="parkSupervisorUserPage" time="0.000">
    <skipped/>
  </testcase> <!-- parkSupervisorUserPage -->
  <system-out/>
  <testcase classname="parkIndustriesOutSystems.testCases.TC_LoginOutSystems_001" name="humanResourcesUserPage" time="0.000">
    <skipped/>
  </testcase> <!-- humanResourcesUserPage -->
  <system-out/>
  <testcase classname="parkIndustriesOutSystems.testCases.TC_LoginOutSystems_001" name="accountingUserPage" time="0.000">
    <skipped/>
  </testcase> <!-- accountingUserPage -->
  <system-out/>
</testsuite> <!-- parkIndustriesOutSystems.testCases.TC_LoginOutSystems_001 -->
