<?xml version="1.0" encoding="UTF-8"?>
<!-- Generated by org.testng.reporters.JUnitXMLReporter -->
<testsuite ignored="0" hostname="DESKTOP-A0BPQKA" failures="0" tests="8" name="Park Industries OutSystems - Chrome Test" time="6.456" errors="0" timestamp="2021-09-27T21:18:25 FJT">
  <testcase classname="parkIndustriesOutSystems.testCases.BaseClass" name="@BeforeClass setup" time="5.692">
    <failure type="org.openqa.selenium.SessionNotCreatedException" message="session not created: This version of ChromeDriver only supports Chrome version 92
Current browser version is 94.0.4606.61 with binary path C:\Program Files\Google\Chrome\Application\chrome.exe
Build info: version: &amp;apos;3.141.59&amp;apos;, revision: &amp;apos;e82be7d358&amp;apos;, time: &amp;apos;2018-11-14T08:17:03&amp;apos;
System info: host: &amp;apos;DESKTOP-A0BPQKA&amp;apos;, ip: &amp;apos;192.168.8.106&amp;apos;, os.name: &amp;apos;Windows 10&amp;apos;, os.arch: &amp;apos;amd64&amp;apos;, os.version: &amp;apos;10.0&amp;apos;, java.version: &amp;apos;16.0.1&amp;apos;
Driver info: driver.version: ChromeDriver
remote stacktrace: Backtrace:
	Ordinal0 [0x00CC5843+2512963]
	Ordinal0 [0x00C5EED1+2092753]
	Ordinal0 [0x00B61F48+1056584]
	Ordinal0 [0x00B801AA+1180074]
	Ordinal0 [0x00B7C0C5+1163461]
	Ordinal0 [0x00B7990F+1153295]
	Ordinal0 [0x00BA994F+1349967]
	Ordinal0 [0x00BA95BA+1349050]
	Ordinal0 [0x00BA54BB+1332411]
	Ordinal0 [0x00B81D14+1187092]
	Ordinal0 [0x00B82B79+1190777]
	GetHandleVerifier [0x00E40C56+1501718]
	GetHandleVerifier [0x00EEE97F+2213695]
	GetHandleVerifier [0x00D48C92+485970]
	GetHandleVerifier [0x00D47D59+482073]
	Ordinal0 [0x00C6471D+2115357]
	Ordinal0 [0x00C68678+2131576]
	Ordinal0 [0x00C687B2+2131890]
	Ordinal0 [0x00C71971+2169201]
	BaseThreadInitThunk [0x76AAFA29+25]
	RtlGetAppContainerNamedObjectPath [0x77967A7E+286]
	RtlGetAppContainerNamedObjectPath [0x77967A4E+238]
">
      <![CDATA[org.openqa.selenium.SessionNotCreatedException: session not created: This version of ChromeDriver only supports Chrome version 92
Current browser version is 94.0.4606.61 with binary path C:\Program Files\Google\Chrome\Application\chrome.exe
Build info: version: '3.141.59', revision: 'e82be7d358', time: '2018-11-14T08:17:03'
System info: host: 'DESKTOP-A0BPQKA', ip: '192.168.8.106', os.name: 'Windows 10', os.arch: 'amd64', os.version: '10.0', java.version: '16.0.1'
Driver info: driver.version: ChromeDriver
remote stacktrace: Backtrace:
Ordinal0 [0x00CC5843+2512963]
Ordinal0 [0x00C5EED1+2092753]
Ordinal0 [0x00B61F48+1056584]
Ordinal0 [0x00B801AA+1180074]
Ordinal0 [0x00B7C0C5+1163461]
Ordinal0 [0x00B7990F+1153295]
Ordinal0 [0x00BA994F+1349967]
Ordinal0 [0x00BA95BA+1349050]
Ordinal0 [0x00BA54BB+1332411]
Ordinal0 [0x00B81D14+1187092]
Ordinal0 [0x00B82B79+1190777]
GetHandleVerifier [0x00E40C56+1501718]
GetHandleVerifier [0x00EEE97F+2213695]
GetHandleVerifier [0x00D48C92+485970]
GetHandleVerifier [0x00D47D59+482073]
Ordinal0 [0x00C6471D+2115357]
Ordinal0 [0x00C68678+2131576]
Ordinal0 [0x00C687B2+2131890]
Ordinal0 [0x00C71971+2169201]
BaseThreadInitThunk [0x76AAFA29+25]
RtlGetAppContainerNamedObjectPath [0x77967A7E+286]
RtlGetAppContainerNamedObjectPath [0x77967A4E+238]

at org.openqa.selenium.remote.W3CHandshakeResponse.lambda$errorHandler$0(W3CHandshakeResponse.java:62)
at org.openqa.selenium.remote.HandshakeResponse.lambda$getResponseFunction$0(HandshakeResponse.java:30)
at org.openqa.selenium.remote.ProtocolHandshake.lambda$createSession$0(ProtocolHandshake.java:126)
at java.base/java.util.stream.ReferencePipeline$3$1.accept(ReferencePipeline.java:197)
at java.base/java.util.Spliterators$ArraySpliterator.tryAdvance(Spliterators.java:958)
at java.base/java.util.stream.ReferencePipeline.forEachWithCancel(ReferencePipeline.java:129)
at java.base/java.util.stream.AbstractPipeline.copyIntoWithCancel(AbstractPipeline.java:502)
at java.base/java.util.stream.AbstractPipeline.copyInto(AbstractPipeline.java:488)
at java.base/java.util.stream.AbstractPipeline.wrapAndCopyInto(AbstractPipeline.java:474)
at java.base/java.util.stream.FindOps$FindOp.evaluateSequential(FindOps.java:150)
at java.base/java.util.stream.AbstractPipeline.evaluate(AbstractPipeline.java:234)
at java.base/java.util.stream.ReferencePipeline.findFirst(ReferencePipeline.java:647)
at org.openqa.selenium.remote.ProtocolHandshake.createSession(ProtocolHandshake.java:128)
at org.openqa.selenium.remote.ProtocolHandshake.createSession(ProtocolHandshake.java:74)
at org.openqa.selenium.remote.HttpCommandExecutor.execute(HttpCommandExecutor.java:136)
at org.openqa.selenium.remote.service.DriverCommandExecutor.execute(DriverCommandExecutor.java:83)
at org.openqa.selenium.remote.RemoteWebDriver.execute(RemoteWebDriver.java:552)
at org.openqa.selenium.remote.RemoteWebDriver.startSession(RemoteWebDriver.java:213)
at org.openqa.selenium.remote.RemoteWebDriver.<init>(RemoteWebDriver.java:131)
at org.openqa.selenium.chrome.ChromeDriver.<init>(ChromeDriver.java:181)
at org.openqa.selenium.chrome.ChromeDriver.<init>(ChromeDriver.java:168)
at org.openqa.selenium.chrome.ChromeDriver.<init>(ChromeDriver.java:123)
at parkIndustriesOutSystems.testCases.BaseClass.setup(BaseClass.java:49)
at java.base/java.util.ArrayList.forEach(ArrayList.java:1511)
... Removed 30 stack frames]]>
    </failure>
  </testcase> <!-- @BeforeClass setup -->
  <testcase classname="parkIndustriesOutSystems.testCases.BaseClass" name="@AfterClass tearDown" time="-1.632734305545E9">
    <skipped/>
  </testcase> <!-- @AfterClass tearDown -->
  <testcase classname="parkIndustriesOutSystems.testCases.TC_BootsAndLuggageReimbursementForm_002" name="parkAssociateUserLogin" time="0.0">
    <skipped/>
  </testcase> <!-- parkAssociateUserLogin -->
  <testcase classname="parkIndustriesOutSystems.testCases.TC_BootsAndLuggageReimbursementForm_002" name="receiptFields9" time="0.0">
    <skipped/>
  </testcase> <!-- receiptFields9 -->
  <testcase classname="parkIndustriesOutSystems.testCases.TC_BootsAndLuggageReimbursementForm_002" name="receiptFields10" time="0.0">
    <skipped/>
  </testcase> <!-- receiptFields10 -->
  <testcase classname="parkIndustriesOutSystems.testCases.TC_BootsAndLuggageReimbursementForm_002" name="receiptFields11" time="0.0">
    <skipped/>
  </testcase> <!-- receiptFields11 -->
  <testcase classname="parkIndustriesOutSystems.testCases.TC_BootsAndLuggageReimbursementForm_002" name="receiptFields12" time="0.0">
    <skipped/>
  </testcase> <!-- receiptFields12 -->
  <testcase classname="parkIndustriesOutSystems.testCases.TC_BootsAndLuggageReimbursementForm_002" name="requestSummary2" time="0.0">
    <skipped/>
  </testcase> <!-- requestSummary2 -->
  <testcase classname="parkIndustriesOutSystems.testCases.TC_BootsAndLuggageReimbursementForm_002" name="saveSubmit" time="0.0">
    <skipped/>
  </testcase> <!-- saveSubmit -->
  <testcase classname="parkIndustriesOutSystems.testCases.TC_BootsAndLuggageReimbursementForm_002" name="statusUpdate" time="0.0">
    <skipped/>
  </testcase> <!-- statusUpdate -->
</testsuite> <!-- Park Industries OutSystems - Chrome Test -->
